<?xml version="1.0" encoding="UTF-8"?>
<testsuite name="JsonTest" tests="4" skipped="0" failures="0" errors="0" timestamp="2022-12-10T16:47:05" hostname="DESKTOP-PQRPMOP" time="0.655">
  <properties/>
  <testcase name="test1()" classname="JsonTest" time="0.564"/>
  <testcase name="test2()" classname="JsonTest" time="0.005"/>
  <testcase name="test3()" classname="JsonTest" time="0.006"/>
  <testcase name="test4()" classname="JsonTest" time="0.077"/>
  <system-out><![CDATA[]]></system-out>
  <system-err><![CDATA[]]></system-err>
</testsuite>
