<?xml version="1.0" encoding="UTF-8"?>
<testsuite name="StylishTest" tests="4" skipped="0" failures="0" errors="0" timestamp="2022-12-06T15:53:20" hostname="DESKTOP-PQRPMOP" time="0.021">
  <properties/>
  <testcase name="test1()" classname="StylishTest" time="0.007"/>
  <testcase name="test2()" classname="StylishTest" time="0.003"/>
  <testcase name="test3()" classname="StylishTest" time="0.005"/>
  <testcase name="test4()" classname="StylishTest" time="0.003"/>
  <system-out><![CDATA[]]></system-out>
  <system-err><![CDATA[]]></system-err>
</testsuite>
