<?xml version="1.0" encoding="UTF-8"?>
<testsuite name="PlainTest" tests="3" skipped="0" failures="0" errors="0" timestamp="2022-12-06T15:53:20" hostname="DESKTOP-PQRPMOP" time="0.015">
  <properties/>
  <testcase name="test1()" classname="PlainTest" time="0.005"/>
  <testcase name="test2()" classname="PlainTest" time="0.005"/>
  <testcase name="test3()" classname="PlainTest" time="0.004"/>
  <system-out><![CDATA[]]></system-out>
  <system-err><![CDATA[]]></system-err>
</testsuite>
