<?xml version="1.0" encoding="UTF-8"?>
<testsuite name="StylishTest" tests="4" skipped="0" failures="0" errors="0" timestamp="2022-12-10T16:21:40" hostname="DESKTOP-PQRPMOP" time="0.048">
  <properties/>
  <testcase name="test1()" classname="StylishTest" time="0.019"/>
  <testcase name="test2()" classname="StylishTest" time="0.008"/>
  <testcase name="test3()" classname="StylishTest" time="0.012"/>
  <testcase name="test4()" classname="StylishTest" time="0.007"/>
  <system-out><![CDATA[]]></system-out>
  <system-err><![CDATA[]]></system-err>
</testsuite>
