<?xml version="1.0" encoding="UTF-8"?>
<testsuite name="PlainTest" tests="3" skipped="0" failures="0" errors="0" timestamp="2022-12-10T15:54:43" hostname="DESKTOP-PQRPMOP" time="0.06">
  <properties/>
  <testcase name="test1()" classname="PlainTest" time="0.021"/>
  <testcase name="test2()" classname="PlainTest" time="0.03"/>
  <testcase name="test3()" classname="PlainTest" time="0.007"/>
  <system-out><![CDATA[]]></system-out>
  <system-err><![CDATA[]]></system-err>
</testsuite>
